<?xml version="1.0" encoding="UTF-8"?>
<testsuite name="mathFunctionsTest" tests="8" skipped="0" failures="0" errors="0" timestamp="2021-11-21T19:56:05" hostname="DESKTOP-TFKTTP1" time="0.34">
  <properties/>
  <testcase name="estaPresente()" classname="mathFunctionsTest" time="0.176"/>
  <testcase name="esPrimoTest()" classname="mathFunctionsTest" time="0.006"/>
  <testcase name="noesPrimoTest0()" classname="mathFunctionsTest" time="0.008"/>
  <testcase name="noestaPresente()" classname="mathFunctionsTest" time="0.046"/>
  <testcase name="esmultiploNegative()" classname="mathFunctionsTest" time="0.007"/>
  <testcase name="esmultiplo()" classname="mathFunctionsTest" time="0.026"/>
  <testcase name="esPrimoTest2()" classname="mathFunctionsTest" time="0.016"/>
  <testcase name="esmultiplo2()" classname="mathFunctionsTest" time="0.005"/>
  <system-out><![CDATA[]]></system-out>
  <system-err><![CDATA[]]></system-err>
</testsuite>
